#
# A fatal error has been detected by the Java Runtime Environment:
#
#  SIGSEGV (0xb) at pc=0x00007f1f939660ad, pid=103992, tid=104007
#
# JRE version: OpenJDK Runtime Environment (11.0.14+9) (build 11.0.14+9-Ubuntu-0ubuntu2.20.04)
# Java VM: OpenJDK 64-Bit Server VM (11.0.14+9-Ubuntu-0ubuntu2.20.04, mixed mode, sharing, tiered, compressed oops, g1 gc, linux-amd64)
# Problematic frame:
# C  [libjimage.so+0x30ad]
#
# Core dump will be written. Default location: Core dumps may be processed with "/usr/share/apport/apport %p %s %c %d %P %E" (or dumping to /home/vikram/eclipse-workspace/Access/core.103992)
#
# If you would like to submit a bug report, please visit:
#   https://bugs.launchpad.net/ubuntu/+source/openjdk-lts
#

---------------  S U M M A R Y ------------

Command Line: -agentlib:jdwp=transport=dt_socket,suspend=y,address=localhost:45249 -ea -Dfile.encoding=UTF-8 org.testng.remote.RemoteTestNG -serport 35303 -protocol json -d /home/vikram/eclipse-workspace/Access/test-output /tmp/testng-eclipse-1771473540/testng-customsuite.xml

Host: Intel(R) Core(TM) i3-6006U CPU @ 2.00GHz, 4 cores, 7G, Ubuntu 20.04.3 LTS
Time: Wed Mar 23 18:19:06 2022 IST elapsed time: 13123.406248 seconds (0d 3h 38m 43s)

---------------  T H R E A D  ---------------

Current thread (0x00007f1f8c11a000):  JavaThread "Signal Dispatcher" daemon [_thread_in_vm, id=104007, stack(0x00007f1f7425a000,0x00007f1f7435b000)]

Stack: [0x00007f1f7425a000,0x00007f1f7435b000],  sp=0x00007f1f743581f0,  free space=1016k
Native frames: (J=compiled Java code, A=aot compiled Java code, j=interpreted, Vv=VM code, C=native code)
C  [libjimage.so+0x30ad]
C  [libjimage.so+0x3ca2]
C  [libjimage.so+0x4191]  JIMAGE_FindResource+0xf1
V  [libjvm.so+0x5bac21]
V  [libjvm.so+0x5bd241]
V  [libjvm.so+0xdf48cd]
V  [libjvm.so+0xdf346a]
V  [libjvm.so+0xdf5a0b]
V  [libjvm.so+0x66d14e]
V  [libjvm.so+0x860e66]
j  jdk.internal.misc.Signal.dispatch(I)V+25 java.base@11.0.14
v  ~StubRoutines::call_stub
V  [libjvm.so+0x869924]
V  [libjvm.so+0x868962]
V  [libjvm.so+0xbd432e]
V  [libjvm.so+0xe2b1cf]
V  [libjvm.so+0xe27bf0]
V  [libjvm.so+0xbe63f6]

Java frames: (J=compiled Java code, j=interpreted, Vv=VM code)
j  jdk.internal.misc.Signal.dispatch(I)V+25 java.base@11.0.14
v  ~StubRoutines::call_stub

siginfo: si_signo: 11 (SIGSEGV), si_code: 1 (SEGV_MAPERR), si_addr: 0x00007f1f8384be58

Register to memory mapping:

RAX=0x0000000000003b8f is an unknown value
RBX=0x00007f1f743582a1 is pointing into the stack for thread: 0x00007f1f8c11a000
RCX=0x00007f1f743582c3 is pointing into the stack for thread: 0x00007f1f8c11a000
RDX=0x0000000000003b8f is an unknown value
RSP=0x00007f1f743581f0 is pointing into the stack for thread: 0x00007f1f8c11a000
RBP=0x00007f1f74358210 is pointing into the stack for thread: 0x00007f1f8c11a000
RSI=0x0 is NULL
RDI=0x00007f1f9396b030: <offset 0x0000000000008030> in /usr/lib/jvm/java-11-openjdk-amd64/lib/libjimage.so at 0x00007f1f93963000
R8 =0x00007f1f8383d01c is an unknown value
R9 =0x00007f1f743590b0 is pointing into the stack for thread: 0x00007f1f8c11a000
R10=0x0000000000000021 is an unknown value
R11=0x00007f1f74359418 is pointing into the stack for thread: 0x00007f1f8c11a000
R12=0x000000000000846f is an unknown value
R13=0x00007f1f743582a0 is pointing into the stack for thread: 0x00007f1f8c11a000
R14=0x0 is NULL
R15=0x00007f1f8c11ab00 points into unknown readable memory: 0x65746e692f6b646a | 6a 64 6b 2f 69 6e 74 65


Registers:
RAX=0x0000000000003b8f, RBX=0x00007f1f743582a1, RCX=0x00007f1f743582c3, RDX=0x0000000000003b8f
RSP=0x00007f1f743581f0, RBP=0x00007f1f74358210, RSI=0x0000000000000000, RDI=0x00007f1f9396b030
R8 =0x00007f1f8383d01c, R9 =0x00007f1f743590b0, R10=0x0000000000000021, R11=0x00007f1f74359418
R12=0x000000000000846f, R13=0x00007f1f743582a0, R14=0x0000000000000000, R15=0x00007f1f8c11ab00
RIP=0x00007f1f939660ad, EFLAGS=0x0000000000010246, CSGSFS=0x002b000000000033, ERR=0x0000000000000004
  TRAPNO=0x000000000000000e

Top of Stack: (sp=0x00007f1f743581f0)
0x00007f1f743581f0:   0000000000000000 00007f1f74359338
0x00007f1f74358200:   00007f1f8c0098b0 00007f1f743582a0
0x00007f1f74358210:   00007f1f74358280 00007f1f93966ca2
0x00007f1f74358220:   0000000000000000 0000000000000000 

Instructions: (pc=0x00007f1f939660ad)
0x00007f1f93965fad:   f3 ff ff 44 03 65 90 e9 3f fe ff ff 0f 1f 80 00
0x00007f1f93965fbd:   00 00 00 41 8b 10 41 89 55 00 41 8b 54 00 fc 41
0x00007f1f93965fcd:   89 54 05 fc e9 82 fc ff ff 66 2e 0f 1f 84 00 00
0x00007f1f93965fdd:   00 00 00 b9 0a 00 00 00 e9 f0 fc ff ff 41 0f b7
0x00007f1f93965fed:   54 00 fe 66 41 89 54 05 fe e9 5d fc ff ff 0f 1f
0x00007f1f93965ffd:   44 00 00 f3 0f 1e fa 0f b6 17 89 f0 89 f1 4c 8d
0x00007f1f9396600d:   47 01 84 d2 74 1c 0f 1f 44 00 00 69 c9 93 01 00
0x00007f1f9396601d:   01 49 83 c0 01 31 d1 41 0f b6 50 ff 84 d2 75 eb
0x00007f1f9396602d:   89 c8 25 ff ff ff 7f c3 90 66 2e 0f 1f 84 00 00
0x00007f1f9396603d:   00 00 00 f3 0f 1e fa 48 85 d2 0f 84 da 00 00 00
0x00007f1f9396604d:   55 48 89 e5 41 55 41 54 41 89 cc 53 48 83 ec 08
0x00007f1f9396605d:   85 c9 0f 84 ba 00 00 00 49 89 f5 48 8d 5e 01 0f
0x00007f1f9396606d:   b6 36 49 89 d0 40 84 f6 0f 84 9d 00 00 00 48 89
0x00007f1f9396607d:   d9 b8 93 01 00 01 0f 1f 44 00 00 69 d0 93 01 00
0x00007f1f9396608d:   01 48 83 c1 01 40 0f b6 c6 0f b6 71 ff 31 d0 40
0x00007f1f9396609d:   84 f6 75 e7 25 ff ff ff 7f 31 d2 41 f7 f4 89 d0
0x00007f1f939660ad:   41 8b 34 80 48 8b 07 ff 50 20 85 c0 7f 15 74 62
0x00007f1f939660bd:   f7 d0 41 89 c0 48 83 c4 08 44 89 c0 5b 41 5c 41
0x00007f1f939660cd:   5d 5d c3 41 0f b6 4d 00 89 c6 84 c9 74 1b 0f 1f
0x00007f1f939660dd:   44 00 00 69 f6 93 01 00 01 48 83 c3 01 31 ce 0f
0x00007f1f939660ed:   b6 4b ff 84 c9 75 ec 89 f0 25 ff ff ff 7f 31 d2
0x00007f1f939660fd:   48 83 c4 08 41 f7 f4 5b 41 5c 41 5d 5d 41 89 d0
0x00007f1f9396610d:   44 89 c0 c3 0f 1f 80 00 00 00 00 b8 93 01 00 01
0x00007f1f9396611d:   eb 87 41 b8 ff ff ff ff eb 9b 41 83 c8 ff 44 89
0x00007f1f9396612d:   c0 c3 90 f3 0f 1e fa eb 1d 66 2e 0f 1f 84 00 00
0x00007f1f9396613d:   00 00 00 0f b6 16 84 d2 74 13 38 c2 75 15 48 83
0x00007f1f9396614d:   c7 01 48 83 c6 01 0f b6 07 84 c0 75 e6 48 89 f8
0x00007f1f9396615d:   c3 66 90 31 c0 c3 90 66 66 2e 0f 1f 84 00 00 00
0x00007f1f9396616d:   00 00 90 f3 0f 1e fa 48 85 f6 74 51 0f b6 06 84
0x00007f1f9396617d:   c0 74 4a 0f b6 d0 83 e0 07 c1 fa 03 44 8d 50 01
0x00007f1f9396618d:   0f b6 c0 41 89 d1 4c 8d 44 06 02 48 8d 56 01 31
0x00007f1f9396619d:   c0 66 90 0f b6 0a 48 c1 e0 08 48 83 c2 01 48 09 


Stack slot to memory mapping:
stack at sp + 0 slots: 0x0 is NULL
stack at sp + 1 slots: 0x00007f1f74359338 is pointing into the stack for thread: 0x00007f1f8c11a000
stack at sp + 2 slots: 0x00007f1f8c0098b0 points into unknown readable memory: 0x00007f1f38006860 | 60 68 00 38 1f 7f 00 00
stack at sp + 3 slots: 0x00007f1f743582a0 is pointing into the stack for thread: 0x00007f1f8c11a000
stack at sp + 4 slots: 0x00007f1f74358280 is pointing into the stack for thread: 0x00007f1f8c11a000
stack at sp + 5 slots: 0x00007f1f93966ca2: <offset 0x0000000000003ca2> in /usr/lib/jvm/java-11-openjdk-amd64/lib/libjimage.so at 0x00007f1f93963000
stack at sp + 6 slots: 0x0 is NULL
stack at sp + 7 slots: 0x0 is NULL


---------------  P R O C E S S  ---------------

Threads class SMR info:
_java_thread_list=0x00007f1f300024d0, length=23, elements={
0x00007f1f8c019800, 0x00007f1f8c112800, 0x00007f1f8c114800, 0x00007f1f8c11a000,
0x00007f1f8c11c000, 0x00007f1f8c11e000, 0x00007f1f8c120800, 0x00007f1f8c122800,
0x00007f1f8c190800, 0x00007f1f8c194800, 0x00007f1f8c19a800, 0x00007f1f8c64d800,
0x00007f1f8c810800, 0x00007f1f8c9fd000, 0x00007f1f8cbc3000, 0x00007f1f8cbbe800,
0x00007f1f8cbbf000, 0x00007f1f04009000, 0x00007f1f04012000, 0x00007f1f04012800,
0x00007f1f8c9a2000, 0x00007f1f8ccc9800, 0x00007f1f8ccd9000
}

Java Threads: ( => current thread )
  0x00007f1f8c019800 JavaThread "main" [_thread_blocked, id=103998, stack(0x00007f1f939a4000,0x00007f1f93aa5000)]
  0x00007f1f8c112800 JavaThread "Reference Handler" daemon [_thread_blocked, id=104005, stack(0x00007f1f7445c000,0x00007f1f7455d000)]
  0x00007f1f8c114800 JavaThread "Finalizer" daemon [_thread_blocked, id=104006, stack(0x00007f1f7435b000,0x00007f1f7445c000)]
=>0x00007f1f8c11a000 JavaThread "Signal Dispatcher" daemon [_thread_in_vm, id=104007, stack(0x00007f1f7425a000,0x00007f1f7435b000)]
  0x00007f1f8c11c000 JavaThread "Service Thread" daemon [_thread_blocked, id=104008, stack(0x00007f1f74159000,0x00007f1f7425a000)]
  0x00007f1f8c11e000 JavaThread "C2 CompilerThread0" daemon [_thread_blocked, id=104009, stack(0x00007f1f74058000,0x00007f1f74159000)]
  0x00007f1f8c120800 JavaThread "C1 CompilerThread0" daemon [_thread_blocked, id=104010, stack(0x00007f1f6c03f000,0x00007f1f6c140000)]
  0x00007f1f8c122800 JavaThread "Sweeper thread" daemon [_thread_blocked, id=104011, stack(0x00007f1f5f18f000,0x00007f1f5f290000)]
  0x00007f1f8c190800 JavaThread "JDWP Transport Listener: dt_socket" daemon [_thread_in_native, id=104013, stack(0x00007f1f5f08e000,0x00007f1f5f18f000)]
  0x00007f1f8c194800 JavaThread "JDWP Event Helper Thread" daemon [_thread_blocked, id=104014, stack(0x00007f1f5ef8d000,0x00007f1f5f08e000)]
  0x00007f1f8c19a800 JavaThread "Common-Cleaner" daemon [_thread_blocked, id=104021, stack(0x00007f1f5ec89000,0x00007f1f5ed8a000)]
  0x00007f1f8c64d800 JavaThread "ReaderThread" [_thread_in_native, id=104030, stack(0x00007f1f5eb88000,0x00007f1f5ec89000)]
  0x00007f1f8c810800 JavaThread "ForkJoinPool.commonPool-worker-3" daemon [_thread_blocked, id=104033, stack(0x00007f1f5e883000,0x00007f1f5e984000)]
  0x00007f1f8c9fd000 JavaThread "AsyncHttpClient-1-1" daemon [_thread_blocked, id=104034, stack(0x00007f1f5e480000,0x00007f1f5e581000)]
  0x00007f1f8cbc3000 JavaThread "Exec Default Executor" daemon [_thread_blocked, id=104036, stack(0x00007f1f5e14d000,0x00007f1f5e24e000)]
  0x00007f1f8cbbe800 JavaThread "Driver Service Executor" daemon [_thread_blocked, id=104037, stack(0x00007f1f5dc4c000,0x00007f1f5dd4d000)]
  0x00007f1f8cbbf000 JavaThread "Driver Service Executor" daemon [_thread_blocked, id=104038, stack(0x00007f1f5db4b000,0x00007f1f5dc4c000)]
  0x00007f1f04009000 JavaThread "process reaper" daemon [_thread_in_native, id=104041, stack(0x00007f1f5da28000,0x00007f1f5da4a000)]
  0x00007f1f04012000 JavaThread "Exec Stream Pumper" daemon [_thread_in_native, id=104042, stack(0x00007f1f5d927000,0x00007f1f5da28000)]
  0x00007f1f04012800 JavaThread "Exec Stream Pumper" daemon [_thread_in_native, id=104043, stack(0x00007f1f5d826000,0x00007f1f5d927000)]
  0x00007f1f8c9a2000 JavaThread "AsyncHttpClient-1-2" daemon [_thread_in_native, id=104051, stack(0x00007f1f5d424000,0x00007f1f5d525000)]
  0x00007f1f8ccc9800 JavaThread "AsyncHttpClient-1-3" daemon [_thread_in_native, id=104184, stack(0x00007f1f5d725000,0x00007f1f5d826000)]
  0x00007f1f8ccd9000 JavaThread "AsyncHttpClient-1-4" daemon [_thread_in_native, id=104185, stack(0x00007f1f5c122000,0x00007f1f5c223000)]

Other Threads:
  0x00007f1f8c10f800 VMThread "VM Thread" [stack: 0x00007f1f7455f000,0x00007f1f7465f000] [id=104004]
  0x00007f1f8c197000 WatcherThread [stack: 0x00007f1f5ed8c000,0x00007f1f5ee8c000] [id=104020]
  0x00007f1f8c031800 GCTaskThread "GC Thread#0" [stack: 0x00007f1f93618000,0x00007f1f93718000] [id=103999]
  0x00007f1f54001000 GCTaskThread "GC Thread#1" [stack: 0x00007f1f5ea88000,0x00007f1f5eb88000] [id=104027]
  0x00007f1f54002800 GCTaskThread "GC Thread#2" [stack: 0x00007f1f5e986000,0x00007f1f5ea86000] [id=104028]
  0x00007f1f54005800 GCTaskThread "GC Thread#3" [stack: 0x00007f1f5e783000,0x00007f1f5e883000] [id=104032]
  0x00007f1f8c062800 ConcurrentGCThread "G1 Main Marker" [stack: 0x00007f1f90688000,0x00007f1f90788000] [id=104000]
  0x00007f1f8c064800 ConcurrentGCThread "G1 Conc#0" [stack: 0x00007f1f90586000,0x00007f1f90686000] [id=104001]
  0x00007f1f8c0dc800 ConcurrentGCThread