#
# A fatal error has been detected by the Java Runtime Environment:
#
#  SIGSEGV (0xb) at pc=0x00007f5c5ae880ad, pid=35754, tid=35775
#
# JRE version: OpenJDK Runtime Environment (11.0.13+8) (build 11.0.13+8-Ubuntu-0ubuntu1.20.04)
# Java VM: OpenJDK 64-Bit Server VM (11.0.13+8-Ubuntu-0ubuntu1.20.04, mixed mode, sharing, tiered, compressed oops, g1 gc, linux-amd64)
# Problematic frame:
# C  [libjimage.so+0x30ad]
#
# Core dump will be written. Default location: Core dumps may be processed with "/usr/share/apport/apport %p %s %c %d %P %E" (or dumping to /home/vikram/eclipse-workspace/Access/core.35754)
#
# If you would like to submit a bug report, please visit:
#   https://bugs.launchpad.net/ubuntu/+source/openjdk-lts
#

---------------  S U M M A R Y ------------

Command Line: -agentlib:jdwp=transport=dt_socket,suspend=y,address=localhost:40913 -ea -Dfile.encoding=UTF-8 org.testng.remote.RemoteTestNG -serport 43531 -protocol json -d /home/vikram/eclipse-workspace/Access/test-output /tmp/testng-eclipse-1351199362/testng-customsuite.xml

Host: Intel(R) Core(TM) i3-6006U CPU @ 2.00GHz, 4 cores, 7G, Ubuntu 20.04.3 LTS
Time: Thu Mar  3 17:03:40 2022 IST elapsed time: 24266.006508 seconds (0d 6h 44m 26s)

---------------  T H R E A D  ---------------

Current thread (0x00007f5c5411a000):  JavaThread "Signal Dispatcher" daemon [_thread_in_vm, id=35775, stack(0x00007f5c580a3000,0x00007f5c581a4000)]

Stack: [0x00007f5c580a3000,0x00007f5c581a4000],  sp=0x00007f5c581a1200,  free space=1016k
Native frames: (J=compiled Java code, A=aot compiled Java code, j=interpreted, Vv=VM code, C=native code)
C  [libjimage.so+0x30ad]
C  [libjimage.so+0x3ca2]
C  [libjimage.so+0x4191]  JIMAGE_FindResource+0xf1
V  [libjvm.so+0x5b8c41]
V  [libjvm.so+0x5bb261]
V  [libjvm.so+0xdee4ed]
V  [libjvm.so+0xded08a]
V  [libjvm.so+0xdef63b]
V  [libjvm.so+0x66b15e]
V  [libjvm.so+0x85b166]
j  jdk.internal.misc.Signal.dispatch(I)V+25 java.base@11.0.13
v  ~StubRoutines::call_stub
V  [libjvm.so+0x863bf4]
V  [libjvm.so+0x862c32]
V  [libjvm.so+0xbce34e]
V  [libjvm.so+0xe24e0f]
V  [libjvm.so+0xe21850]
V  [libjvm.so+0xbe0406]

Java frames: (J=compiled Java code, j=interpreted, Vv=VM code)
j  jdk.internal.misc.Signal.dispatch(I)V+25 java.base@11.0.13
v  ~StubRoutines::call_stub

siginfo: si_signo: 11 (SIGSEGV), si_code: 1 (SEGV_MAPERR), si_addr: 0x00007f5c4b86eb9c

Register to memory mapping:

RAX=0x0000000000006ee0 is an unknown value
RBX=0x00007f5c581a12b1 is pointing into the stack for thread: 0x00007f5c5411a000
RCX=0x00007f5c581a12d3 is pointing into the stack for thread: 0x00007f5c5411a000
RDX=0x0000000000006ee0 is an unknown value
RSP=0x00007f5c581a1200 is pointing into the stack for thread: 0x00007f5c5411a000
RBP=0x00007f5c581a1220 is pointing into the stack for thread: 0x00007f5c5411a000
RSI=0x0 is NULL
RDI=0x00007f5c5ae8d030: <offset 0x0000000000008030> in /usr/lib/jvm/java-11-openjdk-amd64/lib/libjimage.so at 0x00007f5c5ae85000
R8 =0x00007f5c4b85301c is an unknown value
R9 =0x00007f5c581a20c0 is pointing into the stack for thread: 0x00007f5c5411a000
R10=0x00007f5c5c25afe0: <offset 0x0000000000f47fe0> in /usr/lib/jvm/java-11-openjdk-amd64/lib/server/libjvm.so at 0x00007f5c5b313000
R11=0x00007f5c581a2428 is pointing into the stack for thread: 0x00007f5c5411a000
R12=0x0000000000008457 is an unknown value
R13=0x00007f5c581a12b0 is pointing into the stack for thread: 0x00007f5c5411a000
R14=0x0 is NULL
R15=0x00007f5c5411aad0 points into unknown readable memory: 0x65746e692f6b646a | 6a 64 6b 2f 69 6e 74 65


Registers:
RAX=0x0000000000006ee0, RBX=0x00007f5c581a12b1, RCX=0x00007f5c581a12d3, RDX=0x0000000000006ee0
RSP=0x00007f5c581a1200, RBP=0x00007f5c581a1220, RSI=0x0000000000000000, RDI=0x00007f5c5ae8d030
R8 =0x00007f5c4b85301c, R9 =0x00007f5c581a20c0, R10=0x00007f5c5c25afe0, R11=0x00007f5c581a2428
R12=0x0000000000008457, R13=0x00007f5c581a12b0, R14=0x0000000000000000, R15=0x00007f5c5411aad0
RIP=0x00007f5c5ae880ad, EFLAGS=0x0000000000010246, CSGSFS=0x002b000000000033, ERR=0x0000000000000004
  TRAPNO=0x000000000000000e

Top of Stack: (sp=0x00007f5c581a1200)
0x00007f5c581a1200:   0000000000000000 00007f5c581a2348
0x00007f5c581a1210:   00007f5c540098b0 00007f5c581a12b0
0x00007f5c581a1220:   00007f5c581a1290 00007f5c5ae88ca2
0x00007f5c581a1230:   0000000000000000 0000000000000000 

Instructions: (pc=0x00007f5c5ae880ad)
0x00007f5c5ae87fad:   f3 ff ff 44 03 65 90 e9 3f fe ff ff 0f 1f 80 00
0x00007f5c5ae87fbd:   00 00 00 41 8b 10 41 89 55 00 41 8b 54 00 fc 41
0x00007f5c5ae87fcd:   89 54 05 fc e9 82 fc ff ff 66 2e 0f 1f 84 00 00
0x00007f5c5ae87fdd:   00 00 00 b9 0a 00 00 00 e9 f0 fc ff ff 41 0f b7
0x00007f5c5ae87fed:   54 00 fe 66 41 89 54 05 fe e9 5d fc ff ff 0f 1f
0x00007f5c5ae87ffd:   44 00 00 f3 0f 1e fa 0f b6 17 89 f0 89 f1 4c 8d
0x00007f5c5ae8800d:   47 01 84 d2 74 1c 0f 1f 44 00 00 69 c9 93 01 00
0x00007f5c5ae8801d:   01 49 83 c0 01 31 d1 41 0f b6 50 ff 84 d2 75 eb
0x00007f5c5ae8802d:   89 c8 25 ff ff ff 7f c3 90 66 2e 0f 1f 84 00 00
0x00007f5c5ae8803d:   00 00 00 f3 0f 1e fa 48 85 d2 0f 84 da 00 00 00
0x00007f5c5ae8804d:   55 48 89 e5 41 55 41 54 41 89 cc 53 48 83 ec 08
0x00007f5c5ae8805d:   85 c9 0f 84 ba 00 00 00 49 89 f5 48 8d 5e 01 0f
0x00007f5c5ae8806d:   b6 36 49 89 d0 40 84 f6 0f 84 9d 00 00 00 48 89
0x00007f5c5ae8807d:   d9 b8 93 01 00 01 0f 1f 44 00 00 69 d0 93 01 00
0x00007f5c5ae8808d:   01 48 83 c1 01 40 0f b6 c6 0f b6 71 ff 31 d0 40
0x00007f5c5ae8809d:   84 f6 75 e7 25 ff ff ff 7f 31 d2 41 f7 f4 89 d0
0x00007f5c5ae880ad:   41 8b 34 80 48 8b 07 ff 50 20 85 c0 7f 15 74 62
0x00007f5c5ae880bd:   f7 d0 41 89 c0 48 83 c4 08 44 89 c0 5b 41 5c 41
0x00007f5c5ae880cd:   5d 5d c3 41 0f b6 4d 00 89 c6 84 c9 74 1b 0f 1f
0x00007f5c5ae880dd:   44 00 00 69 f6 93 01 00 01 48 83 c3 01 31 ce 0f
0x00007f5c5ae880ed:   b6 4b ff 84 c9 75 ec 89